Compiling build :development to "resources/public/js/main.js" from ["src"]...
[32mSuccessfully compiled build :development to "resources/public/js/main.js" in 1.357 seconds.[0m
notifying browser that file changed:  resources/public/js/development/goog/deps.js
notifying browser that file changed:  resources/public/js/development/cljs_deps.js
notifying browser that file changed:  resources/public/js/development/chains/core.js
Compiling build :development to "resources/public/js/main.js" from ["src"]...
[32mSuccessfully compiled build :development to "resources/public/js/main.js" in 0.554 seconds.[0m
notifying browser that file changed:  resources/public/js/development/cljs_deps.js
notifying browser that file changed:  resources/public/js/development/chains/hex.js
Compiling build :development to "resources/public/js/main.js" from ["src"]...
[32mSuccessfully compiled build :development to "resources/public/js/main.js" in 0.546 seconds.[0m
notifying browser that file changed:  resources/public/js/development/chains/hex.js
Compiling build :development to "resources/public/js/main.js" from ["src"]...
[36m----  Compiler Warning on   src/chains/hex.cljs  ----[0m

  [1mhex-add: Can't have 2 overloads with same arity[0m

[36m----  Compiler Warning : Please see src/chains/hex.cljs  ----[0m
[31mFailed to compile build :development from ["src"] in 0.317 seconds.[0m
[36m----  Could not Compile  src/chains/hex.cljs  ----[0m

  [1mfailed compiling file:src/chains/hex.cljs[0m

[36m----  Compiler Error : Please see src/chains/hex.cljs  ----[0m
Compiling build :development to "resources/public/js/main.js" from ["src"]...
[32mSuccessfully compiled build :development to "resources/public/js/main.js" in 0.49 seconds.[0m
notifying browser that file changed:  resources/public/js/development/chains/hex.js
Compiling build :development to "resources/public/js/main.js" from ["src"]...
[32mSuccessfully compiled build :development to "resources/public/js/main.js" in 0.519 seconds.[0m
notifying browser that file changed:  resources/public/js/development/chains/hex.js
Compiling build :development to "resources/public/js/main.js" from ["src"]...
[32mSuccessfully compiled build :development to "resources/public/js/main.js" in 0.49 seconds.[0m
notifying browser that file changed:  resources/public/js/development/cljs_deps.js
notifying browser that file changed:  resources/public/js/development/chains/hex.js
Compiling build :development to "resources/public/js/main.js" from ["src"]...
[31mFailed to compile build :development from ["src"] in 0.282 seconds.[0m
[36m----  Could not Analyze  src/chains/hex.cljs  ----[0m

  [1mNo such namespace: clojure.math.numeric-tower, could not locate clojure/math/numeric_tower.cljs, clojure/math/numeric_tower.cljc, or JavaScript source providing "clojure.math.numeric-tower" (Please check that namespaces with dashes use underscores in the ClojureScript file name) [0m

[36m----  Analysis Error : Please see src/chains/hex.cljs  ----[0m
Compiling build :development to "resources/public/js/main.js" from ["src"]...
[31mFailed to compile build :development from ["src"] in 0.27 seconds.[0m
[36m----  Could not Analyze  src/chains/hex.cljs  ----[0m

  [1mNo such namespace: clojure.math.numeric-tower, could not locate clojure/math/numeric_tower.cljs, clojure/math/numeric_tower.cljc, or JavaScript source providing "clojure.math.numeric-tower" (Please check that namespaces with dashes use underscores in the ClojureScript file name) [0m

[36m----  Analysis Error : Please see src/chains/hex.cljs  ----[0m
Compiling build :development to "resources/public/js/main.js" from ["src"]...
[31mFailed to compile build :development from ["src"] in 0.27 seconds.[0m
[36m----  Could not Analyze  src/chains/hex.cljs  ----[0m

  [1mNo such namespace: clojure.math.numeric-tower, could not locate clojure/math/numeric_tower.cljs, clojure/math/numeric_tower.cljc, or JavaScript source providing "clojure.math.numeric-tower" (Please check that namespaces with dashes use underscores in the ClojureScript file name) [0m

[36m----  Analysis Error : Please see src/chains/hex.cljs  ----[0m
Compiling build :development to "resources/public/js/main.js" from ["src"]...
[32mSuccessfully compiled build :development to "resources/public/js/main.js" in 0.56 seconds.[0m
notifying browser that file changed:  resources/public/js/development/goog/deps.js
notifying browser that file changed:  resources/public/js/development/cljs_deps.js
notifying browser that file changed:  resources/public/js/development/chains/hex.js
Compiling build :development to "resources/public/js/main.js" from ["src"]...
[32mSuccessfully compiled build :development to "resources/public/js/main.js" in 0.5 seconds.[0m
notifying browser that file changed:  resources/public/js/development/chains/hex.js
Compiling build :development to "resources/public/js/main.js" from ["src"]...
[32mSuccessfully compiled build :development to "resources/public/js/main.js" in 0.499 seconds.[0m
notifying browser that file changed:  resources/public/js/development/chains/hex.js
Compiling build :development to "resources/public/js/main.js" from ["src"]...
[32mSuccessfully compiled build :development to "resources/public/js/main.js" in 0.54 seconds.[0m
notifying browser that file changed:  resources/public/js/development/chains/hex.js
Compiling build :development to "resources/public/js/main.js" from ["src"]...
[32mSuccessfully compiled build :development to "resources/public/js/main.js" in 0.491 seconds.[0m
notifying browser that file changed:  resources/public/js/development/chains/hex.js
Compiling build :development to "resources/public/js/main.js" from ["src"]...
[32mSuccessfully compiled build :development to "resources/public/js/main.js" in 0.49 seconds.[0m
notifying browser that file changed:  resources/public/js/development/chains/hex.js
Compiling build :development to "resources/public/js/main.js" from ["src"]...
[32mSuccessfully compiled build :development to "resources/public/js/main.js" in 0.489 seconds.[0m
notifying browser that file changed:  resources/public/js/development/chains/hex.js
Compiling build :development to "resources/public/js/main.js" from ["src"]...
[32mSuccessfully compiled build :development to "resources/public/js/main.js" in 0.524 seconds.[0m
notifying browser that file changed:  resources/public/js/development/chains/hex.js
Compiling build :development to "resources/public/js/main.js" from ["src"]...
[32mSuccessfully compiled build :development to "resources/public/js/main.js" in 0.487 seconds.[0m
notifying browser that file changed:  resources/public/js/development/chains/hex.js
Compiling build :development to "resources/public/js/main.js" from ["src"]...
[32mSuccessfully compiled build :development to "resources/public/js/main.js" in 0.492 seconds.[0m
notifying browser that file changed:  resources/public/js/development/chains/hex.js
Compiling build :development to "resources/public/js/main.js" from ["src"]...
[36m----  Compiler Warning on   src/chains/hex.cljs   line:42  column:19  ----[0m

  [1mUse of undeclared Var chains.hex/%[0m

  [36m39[0m  [36m(defn direction [dir][0m
  [36m40[0m  [36m  ;; wrapper function around directions map to prevent nil results[0m
  [36m41[0m  [36m  ;; if a bad key is provided[0m
  [33m42[0m  [1m  (let [dirs-key (% dir 6)])[0m
  [0m  [0m  [33m                  ^--- Use of undeclared Var chains.hex/%[0m
  [36m43[0m  [36m  (assert (and (<= 0 dirs-key) (>= 5 dirs-key)) "invalid direction key provided (must be 0-5)")[0m
  [36m44[0m  [36m  (directions dirs-key))[0m
  [36m45[0m  [36m[0m
  [36m46[0m  [36m(defn add[0m
  [36m47[0m  [36m  ;; add two hexes together[0m

[36m----  Compiler Warning : Please see src/chains/hex.cljs  ----[0m
[36m----  Compiler Warning on   src/chains/hex.cljs   line:43  column:22  ----[0m

  [1mUse of undeclared Var chains.hex/dirs-key[0m

  [36m39[0m  [36m(defn direction [dir][0m
  [36m40[0m  [36m  ;; wrapper function around directions map to prevent nil results[0m
  [36m41[0m  [36m  ;; if a bad key is provided[0m
  [36m42[0m  [36m  (let [dirs-key (% dir 6)])[0m
  [33m43[0m  [1m  (assert (and (<= 0 dirs-key) (>= 5 dirs-key)) "invalid direction key provided (must be 0-5)")[0m
  [0m  [0m  [33m                     ^--- Use of undeclared Var chains.hex/dirs-key[0m
  [36m44[0m  [36m  (directions dirs-key))[0m
  [36m45[0m  [36m[0m
  [36m46[0m  [36m(defn add[0m
  [36m47[0m  [36m  ;; add two hexes together[0m
  [36m48[0m  [36m  ([hex-a hex-b] (apply merge-with + [hex-a hex-b]))[0m

[36m----  Compiler Warning : Please see src/chains/hex.cljs  ----[0m
[36m----  Compiler Warning on   src/chains/hex.cljs   line:43  column:38  ----[0m

  [1mUse of undeclared Var chains.hex/dirs-key[0m

  [36m39[0m  [36m(defn direction [dir][0m
  [36m40[0m  [36m  ;; wrapper function around directions map to prevent nil results[0m
  [36m41[0m  [36m  ;; if a bad key is provided[0m
  [36m42[0m  [36m  (let [dirs-key (% dir 6)])[0m
  [33m43[0m  [1m  (assert (and (<= 0 dirs-key) (>= 5 dirs-key)) "invalid direction key provided (must be 0-5)")[0m
  [0m  [0m  [33m                                     ^--- Use of undeclared Var chains.hex/dirs-key[0m
  [36m44[0m  [36m  (directions dirs-key))[0m
  [36m45[0m  [36m[0m
  [36m46[0m  [36m(defn add[0m
  [36m47[0m  [36m  ;; add two hexes together[0m
  [36m48[0m  [36m  ([hex-a hex-b] (apply merge-with + [hex-a hex-b]))[0m

[36m----  Compiler Warning : Please see src/chains/hex.cljs  ----[0m
[36m----  Compiler Warning on   src/chains/hex.cljs   line:44  column:15  ----[0m

  [1mUse of undeclared Var chains.hex/dirs-key[0m

  [36m40[0m  [36m  ;; wrapper function around directions map to prevent nil results[0m
  [36m41[0m  [36m  ;; if a bad key is provided[0m
  [36m42[0m  [36m  (let [dirs-key (% dir 6)])[0m
  [36m43[0m  [36m  (assert (and (<= 0 dirs-key) (>= 5 dirs-key)) "invalid direction key provided (must be 0-5)")[0m
  [33m44[0m  [1m  (directions dirs-key))[0m
  [0m  [0m  [33m              ^--- Use of undeclared Var chains.hex/dirs-key[0m
  [36m45[0m  [36m[0m
  [36m46[0m  [36m(defn add[0m
  [36m47[0m  [36m  ;; add two hexes together[0m
  [36m48[0m  [36m  ([hex-a hex-b] (apply merge-with + [hex-a hex-b]))[0m

[36m----  Compiler Warning : Please see src/chains/hex.cljs  ----[0m
[32mSuccessfully compiled build :development to "resources/public/js/main.js" in 0.544 seconds.[0m
notifying browser that file changed:  resources/public/js/development/chains/hex.js
Compiling build :development to "resources/public/js/main.js" from ["src"]...
[36m----  Compiler Warning on   src/chains/hex.cljs   line:42  column:19  ----[0m

  [1mUse of undeclared Var chains.hex/%[0m

  [36m39[0m  [36m(defn direction [dir][0m
  [36m40[0m  [36m  ;; wrapper function around directions map to prevent nil results[0m
  [36m41[0m  [36m  ;; if a bad key is provided[0m
  [33m42[0m  [1m  (let [dirs-key (% dir 6)][0m
  [0m  [0m  [33m                  ^--- Use of undeclared Var chains.hex/%[0m
  [36m43[0m  [36m    (directions dirs-key)))[0m
  [36m44[0m  [36m[0m
  [36m45[0m  [36m(defn add[0m
  [36m46[0m  [36m  ;; add two hexes together[0m
  [36m47[0m  [36m  ([hex-a hex-b] (apply merge-with + [hex-a hex-b]))[0m

[36m----  Compiler Warning : Please see src/chains/hex.cljs  ----[0m
[32mSuccessfully compiled build :development to "resources/public/js/main.js" in 0.542 seconds.[0m
notifying browser that file changed:  resources/public/js/development/chains/hex.js
Compiling build :development to "resources/public/js/main.js" from ["src"]...
[36m----  Compiler Warning on   src/chains/hex.cljs   line:42  column:19  ----[0m

  [1mUse of undeclared Var chains.hex/%[0m

  [36m39[0m  [36m(defn direction [dir][0m
  [36m40[0m  [36m  ;; wrapper function around directions map to prevent nil results[0m
  [36m41[0m  [36m  ;; if a bad key is provided[0m
  [33m42[0m  [1m  (let [dirs-key (% dir 6)][0m
  [0m  [0m  [33m                  ^--- Use of undeclared Var chains.hex/%[0m
  [36m43[0m  [36m    (directions dirs-key)))[0m
  [36m44[0m  [36m[0m
  [36m45[0m  [36m(defn add[0m
  [36m46[0m  [36m  ;; add two hexes together[0m
  [36m47[0m  [36m  ([hex-a hex-b] (apply merge-with + [hex-a hex-b]))[0m

[36m----  Compiler Warning : Please see src/chains/hex.cljs  ----[0m
[32mSuccessfully compiled build :development to "resources/public/js/main.js" in 0.513 seconds.[0m
notifying browser that file changed:  resources/public/js/development/chains/hex.js
Compiling build :development to "resources/public/js/main.js" from ["src"]...
[36m----  Compiler Warning on   src/chains/hex.cljs   line:41  column:19  ----[0m

  [1mUse of undeclared Var chains.hex/%[0m

  [36m38[0m  [36m(defn direction [dir][0m
  [36m39[0m  [36m  ;; wrapper function around directions map to prevent nil results[0m
  [36m40[0m  [36m  ;; if a bad key is provided[0m
  [33m41[0m  [1m  (let [dirs-key (% dir 6)][0m
  [0m  [0m  [33m                  ^--- Use of undeclared Var chains.hex/%[0m
  [36m42[0m  [36m    (directions dirs-key)))[0m
  [36m43[0m  [36m[0m
  [36m44[0m  [36m(defn add[0m
  [36m45[0m  [36m  ;; add two hexes together[0m
  [36m46[0m  [36m  ([hex-a hex-b] (apply merge-with + [hex-a hex-b]))[0m

[36m----  Compiler Warning : Please see src/chains/hex.cljs  ----[0m
[32mSuccessfully compiled build :development to "resources/public/js/main.js" in 0.496 seconds.[0m
notifying browser that file changed:  resources/public/js/development/chains/hex.js
Compiling build :development to "resources/public/js/main.js" from ["src"]...
[32mSuccessfully compiled build :development to "resources/public/js/main.js" in 0.523 seconds.[0m
notifying browser that file changed:  resources/public/js/development/chains/hex.js
Compiling build :development to "resources/public/js/main.js" from ["src"]...
[32mSuccessfully compiled build :development to "resources/public/js/main.js" in 0.485 seconds.[0m
notifying browser that file changed:  resources/public/js/development/chains/hex.js
Compiling build :development to "resources/public/js/main.js" from ["src"]...
[32mSuccessfully compiled build :development to "resources/public/js/main.js" in 0.483 seconds.[0m
notifying browser that file changed:  resources/public/js/development/chains/hex.js
Compiling build :development to "resources/public/js/main.js" from ["src"]...
[32mSuccessfully compiled build :development to "resources/public/js/main.js" in 0.484 seconds.[0m
notifying browser that file changed:  resources/public/js/development/chains/hex.js
Compiling build :development to "resources/public/js/main.js" from ["src"]...
[32mSuccessfully compiled build :development to "resources/public/js/main.js" in 0.486 seconds.[0m
notifying browser that file changed:  resources/public/js/development/cljs_deps.js
notifying browser that file changed:  resources/public/js/development/chains/hex.js
Compiling build :development to "resources/public/js/main.js" from ["src"]...
[32mSuccessfully compiled build :development to "resources/public/js/main.js" in 0.472 seconds.[0m
notifying browser that file changed:  resources/public/js/development/cljs_deps.js
notifying browser that file changed:  resources/public/js/development/chains/orientations.js
Compiling build :development to "resources/public/js/main.js" from ["src"]...
[32mSuccessfully compiled build :development to "resources/public/js/main.js" in 0.497 seconds.[0m
notifying browser that file changed:  resources/public/js/development/chains/orientations.js
Compiling build :development to "resources/public/js/main.js" from ["src"]...
[32mSuccessfully compiled build :development to "resources/public/js/main.js" in 0.468 seconds.[0m
notifying browser that file changed:  resources/public/js/development/chains/orientations.js
Compiling build :development to "resources/public/js/main.js" from ["src"]...
[32mSuccessfully compiled build :development to "resources/public/js/main.js" in 0.47 seconds.[0m
notifying browser that file changed:  resources/public/js/development/chains/orientations.js
Compiling build :development to "resources/public/js/main.js" from ["src"]...
[31mFailed to compile build :development from ["src"] in 0.304 seconds.[0m
[36m----  Could not Read  src/chains/orientation.cljs   line:57 ----[0m

  [1m/home/eleglac/Code/chains/src/chains/orientation.cljs [line 57, col 61] The map literal starting with :keys on line 57 column 21 contains 3 form(s). Map literals must contain an even number of forms.[0m

  [36m55[0m  [36m   :origin origin})[0m
  [36m56[0m  [36m[0m
  [33m57[0m  [1m(defn hex-to-pixel [{:keys [orientation size origin] layout} hex][0m
  [0m  [0m  [33m/home/eleglac/Code/chains/src/chains/orientation.cljs [line 57, col 61] The map literal starting with :keys on line 57 column 21 contains 3 form(s). Map literals must contain an even number of forms.[0m
  [36m58[0m  [36m  ;; given a hex, find a single pixel that represents it[0m
  [36m59[0m  [36m  ;; i think this gives the top left "corner" of the hex?[0m
  [36m60[0m  [36m  ;; TODO: figure that out[0m

[36m----  Reader Error : Please see src/chains/orientation.cljs  ----[0m
Compiling build :development to "resources/public/js/main.js" from ["src"]...
[31mFailed to compile build :development from ["src"] in 0.272 seconds.[0m
[36m----  Could not Read  src/chains/orientation.cljs   line:57 ----[0m

  [1m/home/eleglac/Code/chains/src/chains/orientation.cljs [line 57, col 61] The map literal starting with :keys on line 57 column 21 contains 3 form(s). Map literals must contain an even number of forms.[0m

  [36m55[0m  [36m   :origin origin})[0m
  [36m56[0m  [36m[0m
  [33m57[0m  [1m(defn hex-to-pixel [{:keys [orientation size origin] layout} hex][0m
  [0m  [0m  [33m/home/eleglac/Code/chains/src/chains/orientation.cljs [line 57, col 61] The map literal starting with :keys on line 57 column 21 contains 3 form(s). Map literals must contain an even number of forms.[0m
  [36m58[0m  [36m  ;; given a hex, find a single pixel that represents it[0m
  [36m59[0m  [36m  ;; i think this gives the top left "corner" of the hex?[0m
  [36m60[0m  [36m  ;; TODO: figure that out[0m

[36m----  Reader Error : Please see src/chains/orientation.cljs  ----[0m
Compiling build :development to "resources/public/js/main.js" from ["src"]...
[31mFailed to compile build :development from ["src"] in 0.271 seconds.[0m
[36m----  Could not Read  src/chains/orientation.cljs   line:57 ----[0m

  [1m/home/eleglac/Code/chains/src/chains/orientation.cljs [line 57, col 61] The map literal starting with :keys on line 57 column 21 contains 3 form(s). Map literals must contain an even number of forms.[0m

  [36m55[0m  [36m   :origin origin})[0m
  [36m56[0m  [36m[0m
  [33m57[0m  [1m(defn hex-to-pixel [{:keys [orientation size origin] layout} hex][0m
  [0m  [0m  [33m/home/eleglac/Code/chains/src/chains/orientation.cljs [line 57, col 61] The map literal starting with :keys on line 57 column 21 contains 3 form(s). Map literals must contain an even number of forms.[0m
  [36m58[0m  [36m  ;; given a hex, find a single pixel that represents it[0m
  [36m59[0m  [36m  ;; i think this gives the top left "corner" of the hex?[0m
  [36m60[0m  [36m  ;; TODO: figure that out[0m

[36m----  Reader Error : Please see src/chains/orientation.cljs  ----[0m
Compiling build :development to "resources/public/js/main.js" from ["src"]...
[31mFailed to compile build :development from ["src"] in 0.27 seconds.[0m
[36m----  Could not Read  src/chains/orientation.cljs   line:57 ----[0m

  [1m/home/eleglac/Code/chains/src/chains/orientation.cljs [line 57, col 61] The map literal starting with :keys on line 57 column 21 contains 3 form(s). Map literals must contain an even number of forms.[0m

  [36m55[0m  [36m   :origin origin})[0m
  [36m56[0m  [36m[0m
  [33m57[0m  [1m(defn hex-to-pixel [{:keys [orientation size origin] layout} hex][0m
  [0m  [0m  [33m/home/eleglac/Code/chains/src/chains/orientation.cljs [line 57, col 61] The map literal starting with :keys on line 57 column 21 contains 3 form(s). Map literals must contain an even number of forms.[0m
  [36m58[0m  [36m  ;; given a hex, find a single pixel that represents it[0m
  [36m59[0m  [36m  ;; i think this gives the top left "corner" of the hex?[0m
  [36m60[0m  [36m  ;; TODO: figure that out[0m

[36m----  Reader Error : Please see src/chains/orientation.cljs  ----[0m
Compiling build :development to "resources/public/js/main.js" from ["src"]...
[31mFailed to compile build :development from ["src"] in 0.27 seconds.[0m
[36m----  Could not Read  src/chains/orientation.cljs   line:57 ----[0m

  [1m/home/eleglac/Code/chains/src/chains/orientation.cljs [line 57, col 61] The map literal starting with :keys on line 57 column 21 contains 3 form(s). Map literals must contain an even number of forms.[0m

  [36m55[0m  [36m   :origin origin})[0m
  [36m56[0m  [36m[0m
  [33m57[0m  [1m(defn hex-to-pixel [{:keys [orientation size origin] layout} hex][0m
  [0m  [0m  [33m/home/eleglac/Code/chains/src/chains/orientation.cljs [line 57, col 61] The map literal starting with :keys on line 57 column 21 contains 3 form(s). Map literals must contain an even number of forms.[0m
  [36m58[0m  [36m  ;; given a hex, find a single pixel that represents it[0m
  [36m59[0m  [36m  ;; i think this gives the top left "corner" of the hex?[0m
  [36m60[0m  [36m  ;; TODO: figure that out[0m

[36m----  Reader Error : Please see src/chains/orientation.cljs  ----[0m
Compiling build :development to "resources/public/js/main.js" from ["src"]...
[31mFailed to compile build :development from ["src"] in 0.27 seconds.[0m
[36m----  Could not Read  src/chains/orientation.cljs   line:57 ----[0m

  [1m/home/eleglac/Code/chains/src/chains/orientation.cljs [line 57, col 61] The map literal starting with :keys on line 57 column 21 contains 3 form(s). Map literals must contain an even number of forms.[0m

  [36m55[0m  [36m   :origin origin})[0m
  [36m56[0m  [36m[0m
  [33m57[0m  [1m(defn hex-to-pixel [{:keys [orientation size origin] layout} hex][0m
  [0m  [0m  [33m/home/eleglac/Code/chains/src/chains/orientation.cljs [line 57, col 61] The map literal starting with :keys on line 57 column 21 contains 3 form(s). Map literals must contain an even number of forms.[0m
  [36m58[0m  [36m  ;; given a hex, find a single pixel that represents it[0m
  [36m59[0m  [36m  ;; i think this gives the top left "corner" of the hex?[0m
  [36m60[0m  [36m  ;; TODO: figure that out[0m

[36m----  Reader Error : Please see src/chains/orientation.cljs  ----[0m
Compiling build :development to "resources/public/js/main.js" from ["src"]...
[31mFailed to compile build :development from ["src"] in 0.3 seconds.[0m
[36m----  Could not Compile  src/chains/orientation.cljs  ----[0m

  [1mfailed compiling file:src/chains/orientation.cljs[0m

[36m----  Compiler Error : Please see src/chains/orientation.cljs  ----[0m
Compiling build :development to "resources/public/js/main.js" from ["src"]...
[31mFailed to compile build :development from ["src"] in 0.274 seconds.[0m
[36m----  Could not Compile  src/chains/orientation.cljs  ----[0m

  [1mfailed compiling file:src/chains/orientation.cljs[0m

[36m----  Compiler Error : Please see src/chains/orientation.cljs  ----[0m
Compiling build :development to "resources/public/js/main.js" from ["src"]...
[31mFailed to compile build :development from ["src"] in 0.289 seconds.[0m
[36m----  Could not Compile  src/chains/orientation.cljs  ----[0m

  [1mfailed compiling file:src/chains/orientation.cljs[0m

[36m----  Compiler Error : Please see src/chains/orientation.cljs  ----[0m
Compiling build :development to "resources/public/js/main.js" from ["src"]...
[32mSuccessfully compiled build :development to "resources/public/js/main.js" in 0.532 seconds.[0m
notifying browser that file changed:  resources/public/js/development/chains/orientations.js
Compiling build :development to "resources/public/js/main.js" from ["src"]...
[32mSuccessfully compiled build :development to "resources/public/js/main.js" in 0.492 seconds.[0m
notifying browser that file changed:  resources/public/js/development/chains/orientations.js
Compiling build :development to "resources/public/js/main.js" from ["src"]...
[32mSuccessfully compiled build :development to "resources/public/js/main.js" in 0.504 seconds.[0m
notifying browser that file changed:  resources/public/js/development/chains/orientations.js
Compiling build :development to "resources/public/js/main.js" from ["src"]...
[32mSuccessfully compiled build :development to "resources/public/js/main.js" in 0.521 seconds.[0m
notifying browser that file changed:  resources/public/js/development/chains/orientations.js
Compiling build :development to "resources/public/js/main.js" from ["src"]...
[32mSuccessfully compiled build :development to "resources/public/js/main.js" in 0.491 seconds.[0m
notifying browser that file changed:  resources/public/js/development/chains/orientations.js
Compiling build :development to "resources/public/js/main.js" from ["src"]...
[31mFailed to compile build :development from ["src"] in 0.294 seconds.[0m
[36m----  Could not Compile  src/chains/orientation.cljs  ----[0m

  [1mfailed compiling file:src/chains/orientation.cljs[0m

[36m----  Compiler Error : Please see src/chains/orientation.cljs  ----[0m
Compiling build :development to "resources/public/js/main.js" from ["src"]...
[32mSuccessfully compiled build :development to "resources/public/js/main.js" in 0.496 seconds.[0m
notifying browser that file changed:  resources/public/js/development/cljs_deps.js
notifying browser that file changed:  resources/public/js/development/chains/layout.js
Compiling build :development to "resources/public/js/main.js" from ["src"]...
[32mSuccessfully compiled build :development to "resources/public/js/main.js" in 0.534 seconds.[0m
notifying browser that file changed:  resources/public/js/development/chains/layout.js
Compiling build :development to "resources/public/js/main.js" from ["src"]...
[31mFailed to compile build :development from ["src"] in 0.292 seconds.[0m
[36m----  Could not Compile  src/chains/orientation.cljs  ----[0m

  [1mfailed compiling file:src/chains/orientation.cljs[0m

[36m----  Compiler Error : Please see src/chains/orientation.cljs  ----[0m
Compiling build :development to "resources/public/js/main.js" from ["src"]...
[32mSuccessfully compiled build :development to "resources/public/js/main.js" in 0.501 seconds.[0m
notifying browser that file changed:  resources/public/js/development/chains/layout.js
Compiling build :development to "resources/public/js/main.js" from ["src"]...
[32mSuccessfully compiled build :development to "resources/public/js/main.js" in 0.531 seconds.[0m
notifying browser that file changed:  resources/public/js/development/chains/layout.js
Compiling build :development to "resources/public/js/main.js" from ["src"]...
[32mSuccessfully compiled build :development to "resources/public/js/main.js" in 0.508 seconds.[0m
notifying browser that file changed:  resources/public/js/development/chains/layout.js
Compiling build :development to "resources/public/js/main.js" from ["src"]...
[32mSuccessfully compiled build :development to "resources/public/js/main.js" in 0.502 seconds.[0m
notifying browser that file changed:  resources/public/js/development/chains/layout.js
Compiling build :development to "resources/public/js/main.js" from ["src"]...
[32mSuccessfully compiled build :development to "resources/public/js/main.js" in 0.553 seconds.[0m
notifying browser that file changed:  resources/public/js/development/chains/layout.js
Compiling build :development to "resources/public/js/main.js" from ["src"]...
[32mSuccessfully compiled build :development to "resources/public/js/main.js" in 0.502 seconds.[0m
notifying browser that file changed:  resources/public/js/development/chains/layout.js
Compiling build :development to "resources/public/js/main.js" from ["src"]...
[32mSuccessfully compiled build :development to "resources/public/js/main.js" in 0.537 seconds.[0m
notifying browser that file changed:  resources/public/js/development/chains/layout.js
Compiling build :development to "resources/public/js/main.js" from ["src"]...
[32mSuccessfully compiled build :development to "resources/public/js/main.js" in 0.501 seconds.[0m
notifying browser that file changed:  resources/public/js/development/chains/layout.js
Compiling build :development to "resources/public/js/main.js" from ["src"]...
[32mSuccessfully compiled build :development to "resources/public/js/main.js" in 0.501 seconds.[0m
notifying browser that file changed:  resources/public/js/development/chains/layout.js
Compiling build :development to "resources/public/js/main.js" from ["src"]...
[32mSuccessfully compiled build :development to "resources/public/js/main.js" in 0.497 seconds.[0m
notifying browser that file changed:  resources/public/js/development/chains/layout.js
Compiling build :development to "resources/public/js/main.js" from ["src"]...
[32mSuccessfully compiled build :development to "resources/public/js/main.js" in 0.516 seconds.[0m
notifying browser that file changed:  resources/public/js/development/chains/layout.js
Compiling build :development to "resources/public/js/main.js" from ["src"]...
[36m----  Compiler Warning on   src/chains/layout.cljs   line:26  column:14  ----[0m

  [1mUse of undeclared Var chains.layout/sqrt-three[0m

  [36m23[0m  [36m(def layout-pointy[0m
  [36m24[0m  [36m  ;; hexes with pointy tops and bottoms - sides parallel to y axis[0m
  [36m25[0m  [36m  (orientation[0m
  [33m26[0m  [1m    sqrt3 (/ sqrt-three 2.0)[0m
  [0m  [0m  [33m             ^--- Use of undeclared Var chains.layout/sqrt-three[0m
  [36m27[0m  [36m    0.0        (/ 3.0 2.0)[0m
  [36m28[0m  [36m[0m
  [36m29[0m  [36m    (/ sqrt3 3.0) (/ -1.0 3.0) ;;bug?[0m
  [36m30[0m  [36m    0.0                (/ 2.0 3.0)[0m

[36m----  Compiler Warning : Please see src/chains/layout.cljs  ----[0m
[36m----  Compiler Warning on   src/chains/layout.cljs   line:38  column:19  ----[0m

  [1mUse of undeclared Var chains.layout/sqrt-three[0m

  [36m34[0m  [36m(def layout-flat[0m
  [36m35[0m  [36m  ;; hexes with flat tops and bottoms - top/bottom parallel to x axis[0m
  [36m36[0m  [36m  (orientation[0m
  [36m37[0m  [36m    (/ 3.0 2.0)        0.0[0m
  [33m38[0m  [1m    (/ sqrt3 2.0) sqrt-three[0m
  [0m  [0m  [33m                  ^--- Use of undeclared Var chains.layout/sqrt-three[0m
  [36m39[0m  [36m[0m
  [36m40[0m  [36m    (/ 2.0 3.0)        0.0 [0m
  [36m41[0m  [36m    (/ -1.0 3.0) (/ sqrt3 3.0)[0m
  [36m42[0m  [36m[0m
  [36m43[0m  [36m    0.0))[0m

[36m----  Compiler Warning : Please see src/chains/layout.cljs  ----[0m
[32mSuccessfully compiled build :development to "resources/public/js/main.js" in 0.566 seconds.[0m
notifying browser that file changed:  resources/public/js/development/chains/layout.js
Compiling build :development to "resources/public/js/main.js" from ["src"]...
[32mSuccessfully compiled build :development to "resources/public/js/main.js" in 0.517 seconds.[0m
notifying browser that file changed:  resources/public/js/development/chains/layout.js
Compiling build :development to "resources/public/js/main.js" from ["src"]...
[32mSuccessfully compiled build :development to "resources/public/js/main.js" in 0.523 seconds.[0m
notifying browser that file changed:  resources/public/js/development/chains/layout.js
Compiling build :development to "resources/public/js/main.js" from ["src"]...
[32mSuccessfully compiled build :development to "resources/public/js/main.js" in 0.49 seconds.[0m
notifying browser that file changed:  resources/public/js/development/cljs_deps.js
notifying browser that file changed:  resources/public/js/development/chains/core.js
Compiling build :development to "resources/public/js/main.js" from ["src"]...
[36m----  Compiler Warning on   src/chains/core.cljs   line:47  column:13  ----[0m

  [1mUse of undeclared Var chains.core/update-state[0m

  [36m43[0m  [36m:size [500 500][0m
  [36m44[0m  [36m; setup function called only once, during sketch initialization.[0m
  [36m45[0m  [36m:setup setup[0m
  [36m46[0m  [36m; update-state is called on each iteration before draw-state.[0m
  [33m47[0m  [1m:update update-state[0m
  [0m  [0m  [33m        ^--- Use of undeclared Var chains.core/update-state[0m
  [36m48[0m  [36m:draw draw-state[0m
  [36m49[0m  [36m; This sketch uses functional-mode middleware.[0m
  [36m50[0m  [36m; Check quil wiki for more info about middlewares and particularly[0m
  [36m51[0m  [36m; fun-mode.[0m
  [36m52[0m  [36m:middleware [m/fun-mode]))[0m

[36m----  Compiler Warning : Please see src/chains/core.cljs  ----[0m
[36m----  Compiler Warning on   src/chains/core.cljs   line:47  column:13  ----[0m

  [1mUse of undeclared Var chains.core/update-state[0m

  [36m43[0m  [36m:size [500 500][0m
  [36m44[0m  [36m; setup function called only once, during sketch initialization.[0m
  [36m45[0m  [36m:setup setup[0m
  [36m46[0m  [36m; update-state is called on each iteration before draw-state.[0m
  [33m47[0m  [1m:update update-state[0m
  [0m  [0m  [33m        ^--- Use of undeclared Var chains.core/update-state[0m
  [36m48[0m  [36m:draw draw-state[0m
  [36m49[0m  [36m; This sketch uses functional-mode middleware.[0m
  [36m50[0m  [36m; Check quil wiki for more info about middlewares and particularly[0m
  [36m51[0m  [36m; fun-mode.[0m
  [36m52[0m  [36m:middleware [m/fun-mode]))[0m

[36m----  Compiler Warning : Please see src/chains/core.cljs  ----[0m
[36m----  Compiler Warning on   src/chains/core.cljs   line:47  column:13  ----[0m

  [1mUse of undeclared Var chains.core/update-state[0m

  [36m43[0m  [36m:size [500 500][0m
  [36m44[0m  [36m; setup function called only once, during sketch initialization.[0m
  [36m45[0m  [36m:setup setup[0m
  [36m46[0m  [36m; update-state is called on each iteration before draw-state.[0m
  [33m47[0m  [1m:update update-state[0m
  [0m  [0m  [33m        ^--- Use of undeclared Var chains.core/update-state[0m
  [36m48[0m  [36m:draw draw-state[0m
  [36m49[0m  [36m; This sketch uses functional-mode middleware.[0m
  [36m50[0m  [36m; Check quil wiki for more info about middlewares and particularly[0m
  [36m51[0m  [36m; fun-mode.[0m
  [36m52[0m  [36m:middleware [m/fun-mode]))[0m

[36m----  Compiler Warning : Please see src/chains/core.cljs  ----[0m
[32mSuccessfully compiled build :development to "resources/public/js/main.js" in 0.562 seconds.[0m
notifying browser that file changed:  resources/public/js/development/chains/core.js
Compiling build :development to "resources/public/js/main.js" from ["src"]...
[32mSuccessfully compiled build :development to "resources/public/js/main.js" in 0.509 seconds.[0m
notifying browser that file changed:  resources/public/js/development/chains/core.js
Compiling build :development to "resources/public/js/main.js" from ["src"]...
[32mSuccessfully compiled build :development to "resources/public/js/main.js" in 0.491 seconds.[0m
notifying browser that file changed:  resources/public/js/development/chains/core.js
Compiling build :development to "resources/public/js/main.js" from ["src"]...
[36m----  Compiler Warning on   src/chains/core.cljs   line:50  column:11  ----[0m

  [1mUse of undeclared Var chains.core/draw-state[0m

  [36m46[0m  [36m; setup function called only once, during sketch initialization.[0m
  [36m47[0m  [36m:setup setup[0m
  [36m48[0m  [36m; update-state is called on each iteration before draw-state.[0m
  [36m49[0m  [36m;:update update-state[0m
  [33m50[0m  [1m:draw draw-state[0m
  [0m  [0m  [33m      ^--- Use of undeclared Var chains.core/draw-state[0m
  [36m51[0m  [36m; This sketch uses functional-mode middleware.[0m
  [36m52[0m  [36m; Check quil wiki for more info about middlewares and particularly[0m
  [36m53[0m  [36m; fun-mode.[0m
  [36m54[0m  [36m:middleware [m/fun-mode]))[0m

[36m----  Compiler Warning : Please see src/chains/core.cljs  ----[0m
[36m----  Compiler Warning on   src/chains/core.cljs   line:50  column:11  ----[0m

  [1mUse of undeclared Var chains.core/draw-state[0m

  [36m46[0m  [36m; setup function called only once, during sketch initialization.[0m
  [36m47[0m  [36m:setup setup[0m
  [36m48[0m  [36m; update-state is called on each iteration before draw-state.[0m
  [36m49[0m  [36m;:update update-state[0m
  [33m50[0m  [1m:draw draw-state[0m
  [0m  [0m  [33m      ^--- Use of undeclared Var chains.core/draw-state[0m
  [36m51[0m  [36m; This sketch uses functional-mode middleware.[0m
  [36m52[0m  [36m; Check quil wiki for more info about middlewares and particularly[0m
  [36m53[0m  [36m; fun-mode.[0m
  [36m54[0m  [36m:middleware [m/fun-mode]))[0m

[36m----  Compiler Warning : Please see src/chains/core.cljs  ----[0m
[36m----  Compiler Warning on   src/chains/core.cljs   line:50  column:11  ----[0m

  [1mUse of undeclared Var chains.core/draw-state[0m

  [36m46[0m  [36m; setup function called only once, during sketch initialization.[0m
  [36m47[0m  [36m:setup setup[0m
  [36m48[0m  [36m; update-state is called on each iteration before draw-state.[0m
  [36m49[0m  [36m;:update update-state[0m
  [33m50[0m  [1m:draw draw-state[0m
  [0m  [0m  [33m      ^--- Use of undeclared Var chains.core/draw-state[0m
  [36m51[0m  [36m; This sketch uses functional-mode middleware.[0m
  [36m52[0m  [36m; Check quil wiki for more info about middlewares and particularly[0m
  [36m53[0m  [36m; fun-mode.[0m
  [36m54[0m  [36m:middleware [m/fun-mode]))[0m

[36m----  Compiler Warning : Please see src/chains/core.cljs  ----[0m
[32mSuccessfully compiled build :development to "resources/public/js/main.js" in 0.554 seconds.[0m
notifying browser that file changed:  resources/public/js/development/chains/core.js
Compiling build :development to "resources/public/js/main.js" from ["src"]...
[36m----  Compiler Warning on   src/chains/core.cljs   line:50  column:11  ----[0m

  [1mUse of undeclared Var chains.core/draw-state[0m

  [36m46[0m  [36m; setup function called only once, during sketch initialization.[0m
  [36m47[0m  [36m:setup setup[0m
  [36m48[0m  [36m; update-state is called on each iteration before draw-state.[0m
  [36m49[0m  [36m;:update update-state[0m
  [33m50[0m  [1m:draw draw-state[0m
  [0m  [0m  [33m      ^--- Use of undeclared Var chains.core/draw-state[0m
  [36m51[0m  [36m; This sketch uses functional-mode middleware.[0m
  [36m52[0m  [36m; Check quil wiki for more info about middlewares and particularly[0m
  [36m53[0m  [36m; fun-mode.[0m
  [36m54[0m  [36m:middleware [m/fun-mode]))[0m

[36m----  Compiler Warning : Please see src/chains/core.cljs  ----[0m
[36m----  Compiler Warning on   src/chains/core.cljs   line:50  column:11  ----[0m

  [1mUse of undeclared Var chains.core/draw-state[0m

  [36m46[0m  [36m; setup function called only once, during sketch initialization.[0m
  [36m47[0m  [36m:setup setup[0m
  [36m48[0m  [36m; update-state is called on each iteration before draw-state.[0m
  [36m49[0m  [36m;:update update-state[0m
  [33m50[0m  [1m:draw draw-state[0m
  [0m  [0m  [33m      ^--- Use of undeclared Var chains.core/draw-state[0m
  [36m51[0m  [36m; This sketch uses functional-mode middleware.[0m
  [36m52[0m  [36m; Check quil wiki for more info about middlewares and particularly[0m
  [36m53[0m  [36m; fun-mode.[0m
  [36m54[0m  [36m:middleware [m/fun-mode]))[0m

[36m----  Compiler Warning : Please see src/chains/core.cljs  ----[0m
[36m----  Compiler Warning on   src/chains/core.cljs   line:50  column:11  ----[0m

  [1mUse of undeclared Var chains.core/draw-state[0m

  [36m46[0m  [36m; setup function called only once, during sketch initialization.[0m
  [36m47[0m  [36m:setup setup[0m
  [36m48[0m  [36m; update-state is called on each iteration before draw-state.[0m
  [36m49[0m  [36m;:update update-state[0m
  [33m50[0m  [1m:draw draw-state[0m
  [0m  [0m  [33m      ^--- Use of undeclared Var chains.core/draw-state[0m
  [36m51[0m  [36m; This sketch uses functional-mode middleware.[0m
  [36m52[0m  [36m; Check quil wiki for more info about middlewares and particularly[0m
  [36m53[0m  [36m; fun-mode.[0m
  [36m54[0m  [36m:middleware [m/fun-mode]))[0m

[36m----  Compiler Warning : Please see src/chains/core.cljs  ----[0m
[32mSuccessfully compiled build :development to "resources/public/js/main.js" in 0.61 seconds.[0m
notifying browser that file changed:  resources/public/js/development/chains/layout.js
Compiling build :development to "resources/public/js/main.js" from ["src"]...
[36m----  Compiler Warning on   src/chains/layout.cljs   line:59  column:5  ----[0m

  [1mWrong number of args (1) passed to chains.layout/point[0m

  [36m56[0m  [36m(def default-layout[0m
  [36m57[0m  [36m  (layout [0m
  [36m58[0m  [36m    flat-tops[0m
  [33m59[0m  [1m    (point {:x 100 :y 100}) ;; x and y scaling, I think...[0m
  [0m  [0m  [33m    ^--- Wrong number of args (1) passed to chains.layout/point[0m
  [36m60[0m  [36m    (point {:x 0 :y 0}) ;; origin[0m
  [36m61[0m  [36m    )[0m
  [36m62[0m  [36m  )[0m
  [36m63[0m  [36m[0m
  [36m64[0m  [36m;;;; COORDINATE CHANGING FUNCTIONS[0m

[36m----  Compiler Warning : Please see src/chains/layout.cljs  ----[0m
[36m----  Compiler Warning on   src/chains/layout.cljs   line:60  column:5  ----[0m

  [1mWrong number of args (1) passed to chains.layout/point[0m

  [36m56[0m  [36m(def default-layout[0m
  [36m57[0m  [36m  (layout [0m
  [36m58[0m  [36m    flat-tops[0m
  [36m59[0m  [36m    (point {:x 100 :y 100}) ;; x and y scaling, I think...[0m
  [33m60[0m  [1m    (point {:x 0 :y 0}) ;; origin[0m
  [0m  [0m  [33m    ^--- Wrong number of args (1) passed to chains.layout/point[0m
  [36m61[0m  [36m    )[0m
  [36m62[0m  [36m  )[0m
  [36m63[0m  [36m[0m
  [36m64[0m  [36m;;;; COORDINATE CHANGING FUNCTIONS[0m

[36m----  Compiler Warning : Please see src/chains/layout.cljs  ----[0m
[36m----  Compiler Warning on   src/chains/core.cljs   line:50  column:11  ----[0m

  [1mUse of undeclared Var chains.core/draw-state[0m

  [36m46[0m  [36m; setup function called only once, during sketch initialization.[0m
  [36m47[0m  [36m:setup setup[0m
  [36m48[0m  [36m; update-state is called on each iteration before draw-state.[0m
  [36m49[0m  [36m;:update update-state[0m
  [33m50[0m  [1m:draw draw-state[0m
  [0m  [0m  [33m      ^--- Use of undeclared Var chains.core/draw-state[0m
  [36m51[0m  [36m; This sketch uses functional-mode middleware.[0m
  [36m52[0m  [36m; Check quil wiki for more info about middlewares and particularly[0m
  [36m53[0m  [36m; fun-mode.[0m
  [36m54[0m  [36m:middleware [m/fun-mode]))[0m

[36m----  Compiler Warning : Please see src/chains/core.cljs  ----[0m
[36m----  Compiler Warning on   src/chains/core.cljs   line:50  column:11  ----[0m

  [1mUse of undeclared Var chains.core/draw-state[0m

  [36m46[0m  [36m; setup function called only once, during sketch initialization.[0m
  [36m47[0m  [36m:setup setup[0m
  [36m48[0m  [36m; update-state is called on each iteration before draw-state.[0m
  [36m49[0m  [36m;:update update-state[0m
  [33m50[0m  [1m:draw draw-state[0m
  [0m  [0m  [33m      ^--- Use of undeclared Var chains.core/draw-state[0m
  [36m51[0m  [36m; This sketch uses functional-mode middleware.[0m
  [36m52[0m  [36m; Check quil wiki for more info about middlewares and particularly[0m
  [36m53[0m  [36m; fun-mode.[0m
  [36m54[0m  [36m:middleware [m/fun-mode]))[0m

[36m----  Compiler Warning : Please see src/chains/core.cljs  ----[0m
[36m----  Compiler Warning on   src/chains/core.cljs   line:50  column:11  ----[0m

  [1mUse of undeclared Var chains.core/draw-state[0m

  [36m46[0m  [36m; setup function called only once, during sketch initialization.[0m
  [36m47[0m  [36m:setup setup[0m
  [36m48[0m  [36m; update-state is called on each iteration before draw-state.[0m
  [36m49[0m  [36m;:update update-state[0m
  [33m50[0m  [1m:draw draw-state[0m
  [0m  [0m  [33m      ^--- Use of undeclared Var chains.core/draw-state[0m
  [36m51[0m  [36m; This sketch uses functional-mode middleware.[0m
  [36m52[0m  [36m; Check quil wiki for more info about middlewares and particularly[0m
  [36m53[0m  [36m; fun-mode.[0m
  [36m54[0m  [36m:middleware [m/fun-mode]))[0m

[36m----  Compiler Warning : Please see src/chains/core.cljs  ----[0m
[32mSuccessfully compiled build :development to "resources/public/js/main.js" in 0.588 seconds.[0m
notifying browser that file changed:  resources/public/js/development/chains/layout.js
Compiling build :development to "resources/public/js/main.js" from ["src"]...
[32mSuccessfully compiled build :development to "resources/public/js/main.js" in 0.497 seconds.[0m
notifying browser that file changed:  resources/public/js/development/chains/core.js
Compiling build :development to "resources/public/js/main.js" from ["src"]...
[32mSuccessfully compiled build :development to "resources/public/js/main.js" in 0.507 seconds.[0m
notifying browser that file changed:  resources/public/js/development/chains/core.js
Compiling build :development to "resources/public/js/main.js" from ["src"]...
[32mSuccessfully compiled build :development to "resources/public/js/main.js" in 0.495 seconds.[0m
notifying browser that file changed:  resources/public/js/development/chains/core.js
Compiling build :development to "resources/public/js/main.js" from ["src"]...
[36m----  Compiler Warning on   src/chains/layout.cljs   line:59  column:5  ----[0m

  [1mWrong number of args (1) passed to chains.layout/point[0m

  [36m56[0m  [36m(def default-layout[0m
  [36m57[0m  [36m  (layout [0m
  [36m58[0m  [36m    flat-tops[0m
  [33m59[0m  [1m    (point {:x 100 :y 100}) ;; x and y scaling, I think...[0m
  [0m  [0m  [33m    ^--- Wrong number of args (1) passed to chains.layout/point[0m
  [36m60[0m  [36m    (point {:x 0 :y 0}) ;; origin[0m
  [36m61[0m  [36m    )[0m
  [36m62[0m  [36m  )[0m
  [36m63[0m  [36m[0m
  [36m64[0m  [36m;;;; COORDINATE CHANGING FUNCTIONS[0m

[36m----  Compiler Warning : Please see src/chains/layout.cljs  ----[0m
[36m----  Compiler Warning on   src/chains/layout.cljs   line:60  column:5  ----[0m

  [1mWrong number of args (1) passed to chains.layout/point[0m

  [36m56[0m  [36m(def default-layout[0m
  [36m57[0m  [36m  (layout [0m
  [36m58[0m  [36m    flat-tops[0m
  [36m59[0m  [36m    (point {:x 100 :y 100}) ;; x and y scaling, I think...[0m
  [33m60[0m  [1m    (point {:x 0 :y 0}) ;; origin[0m
  [0m  [0m  [33m    ^--- Wrong number of args (1) passed to chains.layout/point[0m
  [36m61[0m  [36m    )[0m
  [36m62[0m  [36m  )[0m
  [36m63[0m  [36m[0m
  [36m64[0m  [36m;;;; COORDINATE CHANGING FUNCTIONS[0m

[36m----  Compiler Warning : Please see src/chains/layout.cljs  ----[0m
[32mSuccessfully compiled build :development to "resources/public/js/main.js" in 0.583 seconds.[0m
notifying browser that file changed:  resources/public/js/development/chains/layout.js
Compiling build :development to "resources/public/js/main.js" from ["src"]...
[36m----  Compiler Warning on   src/chains/layout.cljs   line:59  column:5  ----[0m

  [1mWrong number of args (1) passed to chains.layout/point[0m

  [36m56[0m  [36m(def default-layout[0m
  [36m57[0m  [36m  (layout [0m
  [36m58[0m  [36m    flat-tops[0m
  [33m59[0m  [1m    (point {:x 100 :y 100}) ;; x and y scaling, I think...[0m
  [0m  [0m  [33m    ^--- Wrong number of args (1) passed to chains.layout/point[0m
  [36m60[0m  [36m    (point {:x 0 :y 0}) ;; origin[0m
  [36m61[0m  [36m    )[0m
  [36m62[0m  [36m  )[0m
  [36m63[0m  [36m[0m
  [36m64[0m  [36m;;;; COORDINATE CHANGING FUNCTIONS[0m

[36m----  Compiler Warning : Please see src/chains/layout.cljs  ----[0m
[36m----  Compiler Warning on   src/chains/layout.cljs   line:60  column:5  ----[0m

  [1mWrong number of args (1) passed to chains.layout/point[0m

  [36m56[0m  [36m(def default-layout[0m
  [36m57[0m  [36m  (layout [0m
  [36m58[0m  [36m    flat-tops[0m
  [36m59[0m  [36m    (point {:x 100 :y 100}) ;; x and y scaling, I think...[0m
  [33m60[0m  [1m    (point {:x 0 :y 0}) ;; origin[0m
  [0m  [0m  [33m    ^--- Wrong number of args (1) passed to chains.layout/point[0m
  [36m61[0m  [36m    )[0m
  [36m62[0m  [36m  )[0m
  [36m63[0m  [36m[0m
  [36m64[0m  [36m;;;; COORDINATE CHANGING FUNCTIONS[0m

[36m----  Compiler Warning : Please see src/chains/layout.cljs  ----[0m
[32mSuccessfully compiled build :development to "resources/public/js/main.js" in 0.599 seconds.[0m
notifying browser that file changed:  resources/public/js/development/chains/hex.js
Compiling build :development to "resources/public/js/main.js" from ["src"]...
[32mSuccessfully compiled build :development to "resources/public/js/main.js" in 0.534 seconds.[0m
notifying browser that file changed:  resources/public/js/development/chains/layout.js
Compiling build :development to "resources/public/js/main.js" from ["src"]...
[32mSuccessfully compiled build :development to "resources/public/js/main.js" in 0.486 seconds.[0m
notifying browser that file changed:  resources/public/js/development/chains/core.js
Compiling build :development to "resources/public/js/main.js" from ["src"]...
[32mSuccessfully compiled build :development to "resources/public/js/main.js" in 0.542 seconds.[0m
notifying browser that file changed:  resources/public/js/development/chains/layout.js
Compiling build :development to "resources/public/js/main.js" from ["src"]...
[32mSuccessfully compiled build :development to "resources/public/js/main.js" in 0.482 seconds.[0m
notifying browser that file changed:  resources/public/js/development/chains/core.js
Compiling build :development to "resources/public/js/main.js" from ["src"]...
[32mSuccessfully compiled build :development to "resources/public/js/main.js" in 0.563 seconds.[0m
notifying browser that file changed:  resources/public/js/development/chains/hex.js
Compiling build :development to "resources/public/js/main.js" from ["src"]...
[32mSuccessfully compiled build :development to "resources/public/js/main.js" in 0.477 seconds.[0m
notifying browser that file changed:  resources/public/js/development/chains/hex.js
Compiling build :development to "resources/public/js/main.js" from ["src"]...
[36m----  Compiler Warning on   src/chains/layout.cljs   line:123  column:22  ----[0m

  [1mUse of undeclared Var chains.layout/offset[0m

  [36m119[0m  [36m(defn corners [layout h][0m
  [36m120[0m  [36m  ;; given a particular hex and a layout configuration, get its corner points[0m
  [36m121[0m  [36m  (let [center (hex-to-pixel layout h)[0m
  [36m122[0m  [36m        offsets (map (partial corner-offset layout) (range 6))][0m
  [33m123[0m  [1m    (.log js/console offset)[0m
  [0m   [0m  [33m                     ^--- Use of undeclared Var chains.layout/offset[0m
  [36m124[0m  [36m    (map [0m
  [36m125[0m  [36m      (fn [o][0m
  [36m126[0m  [36m        (point (+ (center :x) (o :x))[0m
  [36m127[0m  [36m               (+ (center :y) (o :y))))[0m
  [36m128[0m  [36m      offsets)))[0m

[36m----  Compiler Warning : Please see src/chains/layout.cljs  ----[0m
[32mSuccessfully compiled build :development to "resources/public/js/main.js" in 0.575 seconds.[0m
notifying browser that file changed:  resources/public/js/development/chains/layout.js
Compiling build :development to "resources/public/js/main.js" from ["src"]...
[32mSuccessfully compiled build :development to "resources/public/js/main.js" in 0.524 seconds.[0m
notifying browser that file changed:  resources/public/js/development/chains/layout.js
Compiling build :development to "resources/public/js/main.js" from ["src"]...
[32mSuccessfully compiled build :development to "resources/public/js/main.js" in 0.561 seconds.[0m
notifying browser that file changed:  resources/public/js/development/chains/layout.js
Compiling build :development to "resources/public/js/main.js" from ["src"]...
[32mSuccessfully compiled build :development to "resources/public/js/main.js" in 0.573 seconds.[0m
notifying browser that file changed:  resources/public/js/development/chains/hex.js
Compiling build :development to "resources/public/js/main.js" from ["src"]...
[32mSuccessfully compiled build :development to "resources/public/js/main.js" in 0.535 seconds.[0m
notifying browser that file changed:  resources/public/js/development/chains/layout.js
Compiling build :development to "resources/public/js/main.js" from ["src"]...
[32mSuccessfully compiled build :development to "resources/public/js/main.js" in 0.501 seconds.[0m
notifying browser that file changed:  resources/public/js/development/chains/core.js
Compiling build :development to "resources/public/js/main.js" from ["src"]...
[32mSuccessfully compiled build :development to "resources/public/js/main.js" in 0.489 seconds.[0m
notifying browser that file changed:  resources/public/js/development/chains/core.js
Compiling build :development to "resources/public/js/main.js" from ["src"]...
[32mSuccessfully compiled build :development to "resources/public/js/main.js" in 0.498 seconds.[0m
notifying browser that file changed:  resources/public/js/development/chains/core.js
Compiling build :development to "resources/public/js/main.js" from ["src"]...
[32mSuccessfully compiled build :development to "resources/public/js/main.js" in 0.507 seconds.[0m
notifying browser that file changed:  resources/public/js/development/chains/core.js
